# 5장. 소트 튜닝

SQL수행 도중 가공된 데이터 집합이 필요하면 오라클은 PGA와 Temp 테이블 스페이스를 활용하여, 소트머지조인, 해시 조인, 데이터 솔트, 그룹핑을 한다

* 소트 머지 조인 : 데이터를 선 정렬 후 병합하여 조인. 메모리(PGA)를 우선적으로 사용하지만 메모리가 부족하면 TEMP 테이블 스페이스를 활용하여 디스크에 데이터를 저장한 후 소트
* 해시 조인 : 해시 테이블 생성시 메모리를 이용. 메모리 부족하면 TEMP 테이블 스페이스 활용
* 그룹핑, 솔트 : 마찬가지로, 메모리 우선 사용 메모리 모자르면 TEMP 스페이스 사용



**MySQL**: MySQL도 Oracle과 유사하게 메모리와 디스크를 이용한 소트 연산을 수행합니다. MySQL에서 소트 연산이 필요할 때, 먼저 `sort_buffer_size`로 지정된 메모리 버퍼를 사용한다. 이 메모리가 부족하면 임시 디스크 파일을 사용하여 소트를 수행하며,  임시 파일은 주로 서버의 임시 디렉토리(`tmpdir`)에 생성된다. 또한, 조인 작업에서 MySQL은 소트 머지 조인 또는 해시 조인을 수행할 수 있으며, 이 과정에서도 메모리와 디스크를 적절히 사용한다.

**PostgreSQL**: PostgreSQL 역시 메모리와 디스크를 사용하며, PostgreSQL은 기본적으로 `work_mem`이라는 설정을 통해 소트와 같은 작업에 할당될 메모리 크기를 정의한다. 이 메모리가 부족할 경우 디스크의 임시 파일을 사용하여 소트 작업을 진행한다. PostgreSQL도 조인 작업에서 소트 머지 조인과 해시 조인을 사용하며, 소트 작업 시 메모리와 디스크의 활용 한다. 



메모리 사용과 TEMP 테이블스페이스(또는 임시 디스크 스토리지) 사용의 차이점과 각각의 장단점은 다음과 같다.

### 메모리 사용 (PGA, sort_buffer_size, work_mem 등)

**특징**:

- **속도**: 메모리는 디스크보다 접근속도가 빠르므로  데이터를 메모리에서 직접 처리하면 매우 높은 성능을 얻을 수 있다
- **크기 제한**: 시스템에 설치된 물리적 메모리(RAM)에는 한계가 있다. 특히 대규모 데이터 처리 시 메모리가 충분하지 않으면 문제가 발생할 수 있습니다.
- **휘발성**: 메모리는 휘발성 저장소이므로 시스템이 종료되면 데이터가 사라진다 하지만 일반적으로 소트와 같은 작업은 일시적인 것이므로 휘발성 문제는 크게 신경 쓰지 않아도 된다. 

**장점**:

- **고속 처리**: 메모리를 사용하는 소트 연산은 매우 빠름.
- **낮은 I/O 비용**: 디스크에 접근할 필요가 없으므로 I/O 비용이 거의 발생하지 않는다.

**단점**:

- **제한된 용량**: 메모리 크기가 제한되어 있으므로, 매우 큰 데이터 세트를 처리할 때는 충분하지 않을 수 있다.
- **메모리 부족 위험**: 사용 가능한 메모리가 부족하면 시스템 성능이 급격히 저하될 수 있다. 

### TEMP 테이블스페이스 또는 임시 디스크 스토리지 사용

**특징**:

- **디스크 활용**: 메모리가 부족한 경우, 디스크에 데이터를 저장하고 처리하는 방식이다.
- **대규모 데이터 처리 가능**: TEMP 테이블스페이스는 디스크 공간을 사용하므로, 메모리보다 훨씬 더 많은 데이터를 처리할 수 있다.
- **속도 저하**: 디스크 I/O는 메모리 접근에 비해 상대적으로 느리며, 특히 디스크가 HDD일 경우, 성능 차이가 더욱 난다. 

**장점**:

- **대용량 데이터 처리 가능**: TEMP 테이블스페이스를 활용하면 매우 큰 데이터 세트도 처리할 수 있다.
- **시스템 안정성**: 메모리 부족 상황에서도 TEMP 스페이스를 사용하면 작업이 계속 진행될 수 있어, 시스템 안정성을 높일 수 있다

**단점**:

- **느린 속도**: 디스크 I/O는 메모리 접근보다 느리기 때문에, TEMP 테이블스페이스를 사용하는 소트 연산은 성능이 상대적으로 느리다. 
- **I/O 비용 증가**: 디스크 접근은 추가적인 I/O 비용을 수반하므로, 처리 시간이 길어질 수 있다.
- **디스크 공간 필요**: TEMP 테이블스페이스의 크기가 충분하지 않으면 디스크 공간 부족 문제를 겪을 수 있다.

### 요약

- **메모리 사용**은 빠르지만 용량이 제한적이며, 큰 데이터 세트를 처리하기에 적합하지 않을 수 있다.
- **TEMP 테이블스페이스 사용**은 속도는 느리지만 대규모 데이터를 처리할 수 있으며, 메모리 부족 시에 유용



## 5.1 소트 연산에 대한 이해

### 5.1.1 소트 수행 과정

오라클은 솔트가 PGA에 할당한 메모리 공간인 Sort Area에서 이루어지며, 메모리가 부족하면 Temp 테이블 스페이스를 활용한다.

MySQL은 임시테이블인 Tempopary Tables을 생성. 

* MySQL에서 소트 연산은 SQL Layer에서 처리된다. SQL Layer는 MySQL의 쿼리 파싱, 최적화, 실행을 담당하는 계층

PostgreSQL에서는 소트 연산을 비롯한 여러 연산에 **work_mem**이라는 메모리 영역이 할당되며 PostgreSQL도 MySQL과 마찬가지로, 메모리에서 처리할 수 없는 큰 데이터를 임시 디스크 스토리지(temp tablespaces)에 저장하고 처리

* in-memory sort : 전체 정렬 작업을 메모리 내에서 완료하는것. Internal Sort
* dis-sort : 할당받은 메모리 영역인 Sort Area내서 정렬을 완료하지 못해 디스크 공간까지 사용하는것. External sort

![image-20240901144807134](./images//image-20240901144807134.png)

소트할 데이터블록을 SGA 버퍼 캐시를 통해 읽어들이고, 일차적으로 Sort Area에서 정렬 시도. 적당한 양이면 마무리 되지만 양이 많으면 정렬된 중간 집합을 Temp 테이블 스페이스에 임시 세그먼트를 만들어 저장한다.

Sort Area가 찰 때마다 Temp 영역에 저장해 둔 중간 단계의 집합을 Sort Run이라고 부른다.

이후 다시 Merge하여 최종 결과집합을 얻는다.



소트 연산이 중요한것은 메모리 집약적일뿐만 아니라 **CPU 집약적이기 때문이다.**

처리할 데이터 량이 많을때는 디스크 I/O까지 발생하며, 디스크 솔트가 발생하는 순간 SQL 성능은 나빠질수밖에 없다.

되도록이면 소트가 발생하지 않도록 SQL을 작성해야 하고, 소트가 불가피하면 메모리 내에서 수행을 완료할 수 있도록 해야한다.

어떻게 발생하지 않게할까?

1. 적절한 인덱스 활용. 적절한 인덱스는 이미 정렬되어 있어 소트 연산을 피할 수 있다.
2. 커버링 인덱스 활용. 디스크를 추가로 읽을 필요가 없이 정렬된 결과 반환 가능 
3. 쿼리에서 불필요한 컬럼 제외 : 필요하지 않은 컬럼은 GROUP BY나 DISTINCT에서 제외하여 정렬 부담을 줄인다
4. HAVING 대신 WHERE 사용 : 가능하면, GROUP BY 이후 필터링을 위해 HAVING 대신 WHERE 절에서 미리 필터링을 수행하여 처리할 데이터 양을 줄이자. 

### 5.1.2 소트 오퍼레이션

**(1) Sort Aggregate** (집계 함수와 관련된 소트 연산 (실제로 정렬은 하지 않지만, 메모리 사용).)

Sort Aggregate는 전체 로우를 대상으로 집계를 수행할 때 나타낸다. 실제로 정렬하는것은 아니며 Sort Area를 사용한다는 의미이다.

**(2) Sort Order By**

Sort Order By는 데이터를 정렬할때 나타낸다. 

**(3) Sort Group By** (데이터를 그룹화하고 집계할 때.)

Sort Group By는 소팅 알고리즘을 사용해 그룹별 집계를 수행할때 나타난다.

(**4) Sort Unique(** 중복을 제거하고 고유한 값을 찾을 때.)

옵티마이저가 서브쿼리를 풀어 일반 조인문으로 변환하는것을 서브쿼리 Unnesting이라고 한다. 

Unnesting된 서브쿼리가 조인되는 조인 컬럼에 Unique 인덱스가 없으면, 메인 쿼리와 조인하기 전에 중복 레코드부터 제거해야하는데 이거때문에 Sort Unique 오퍼레이션이 나타난다. 

**(5) Sort Join**

Sort Join 오퍼레이션은 소트 머지 조인을 수행할 때 나타난다.

**(6) Window Sort**

윈도우 함수(분석 함수)를 수행할 때 나타난다

## 5.1.3 MySQL과 Postgresql 예시

### (1) **Sort Aggregate**

**MySQL**:

- **설명**: `Sort Aggregate`는 MySQL에서 집계 함수(예: `SUM`, `COUNT`, `AVG` 등)를 사용하는 쿼리에서 발생하는 연산이며  데이터가 그룹화되거나 집계될 때 필요한 메모리 작업을 나타낸다. 실제로 데이터를 정렬하지 않지만, 메모리(Sort Area)를 사용하여 집계 작업을 수행한다

- **실행 계획**: MySQL에서 실행 계획을 확인할 때, `Using temporary; Using filesort`라는 설명이 나타난다. 집계 연산을 위해 임시 테이블을 생성하고 파일 소트를 사용했음을 의미

  ```sql
  EXPLAIN SELECT department_id, COUNT(*) FROM employees GROUP BY department_id;
  ```

  - **실행 계획 예시**:

    ```
    id | select_type | table     | type  | possible_keys | key  | key_len | ref  | rows | Extra
    ---|-------------|-----------|-------|---------------|------|---------|------|------|-----------------------------
    1  | SIMPLE      | employees | ALL   | NULL          | NULL | NULL    | NULL | 1000 | Using temporary; Using filesort
    ```

**PostgreSQL**:

- **설명**: `Sort Aggregate`는 PostgreSQL에서 데이터를 그룹화하거나 집계할 때 발생하는 연산이 과정에서 메모리(`work_mem`)를 사용하여 데이터를 그룹화하고 집계

- **실행 계획**: `EXPLAIN`을 통해 실행 계획을 확인할 때, `Aggregate` 노드가 나타나며 데이터가 그룹화되거나 집계될 때 별도의 소트가 필요하지 않다면 `Sort` 연산자는 나타나지 않는다.

  ```sql
  EXPLAIN SELECT department_id, COUNT(*) FROM employees GROUP BY department_id;
  ```

  - **실행 계획 예시**:

    ```
    GroupAggregate  (cost=12.34..25.67 rows=1000 width=8)
      ->  Sort  (cost=12.34..15.67 rows=1000 width=8)
          Sort Key: department_id
          ->  Seq Scan on employees  (cost=0.00..12.34 rows=1000 width=8)
    ```

### (2) **Sort Order By**

**MySQL**:

- **설명**: `Sort Order By`는 `ORDER BY` 절에 의해 데이터가 정렬될 때 나타나는 연산, sort_buffer_size`를 사용하여 메모리 내에서 정렬 작업을 수행하며, 메모리가 부족하면 디스크에 임시 파일을 생성

- **실행 계획**: MySQL의 `EXPLAIN` 결과에서 `Using filesort`라는 설명이 나타나면, 이는 MySQL이 데이터를 정렬하기 위해 소트 작업을 수행했음을 의미

  ```sql
  EXPLAIN SELECT * FROM employees ORDER BY last_name;
  ```

  - **실행 계획 예시**:

    ```
    id | select_type | table     | type  | possible_keys | key  | key_len | ref  | rows | Extra
    ---|-------------|-----------|-------|---------------|------|---------|------|------|-----------------------------
    1  | SIMPLE      | employees | ALL   | NULL          | NULL | NULL    | NULL | 1000 | Using filesort
    ```

**PostgreSQL**:

- **설명**: PostgreSQL에서 `Sort Order By`는 `ORDER BY` 절을 사용할 때 데이터가 정렬되는 과정을 나타내며 work_mem`을 사용하여 메모리 내에서 소트를 수행하려 시도하며, 메모리가 부족하면 디스크에 임시 파일을 생성

- **실행 계획**: `EXPLAIN` 결과에서 `Sort` 노드가 나타나면, 이는 PostgreSQL이 `ORDER BY` 절을 처리하기 위해 정렬 작업을 수행했음

  ```sql
  EXPLAIN SELECT * FROM employees ORDER BY last_name;
  ```

  - **실행 계획 예시**:

    ```
    Sort  (cost=12.34..15.67 rows=1000 width=64)
      Sort Key: last_name
      ->  Seq Scan on employees  (cost=0.00..12.34 rows=1000 width=64)
    ```

### (3) **Sort Group By**

**MySQL**:

- **설명**: `Sort Group By`는 `GROUP BY` 절을 사용하여 데이터를 그룹화하고 소트 알고리즘을 사용해 그룹별 집계를 수행할 때 나타나는 연산. `sort_buffer_size`를 사용하여 메모리 내에서 그룹화 및 집계를 시도하며, 필요 시 임시 파일을 생성

- **실행 계획**: `EXPLAIN` 결과에서 `Using temporary; Using filesort`로 표시될 수 있다. 데이터를 그룹화하고 정렬하는 데 임시 테이블과 파일 소트를 사용했음을 의미

  ```sql
  EXPLAIN SELECT department_id, COUNT(*) FROM employees GROUP BY department_id ORDER BY department_id;
  ```

  - **실행 계획 예시**:

    ```
    id | select_type | table     | type  | possible_keys | key  | key_len | ref  | rows | Extra
    ---|-------------|-----------|-------|---------------|------|---------|------|------|-----------------------------
    1  | SIMPLE      | employees | ALL   | NULL          | NULL | NULL    | NULL | 1000 | Using temporary; Using filesort
    ```

**PostgreSQL**:

- **설명**: PostgreSQL에서 `Sort Group By`는 데이터를 그룹화하고, 소트 알고리즘을 사용해 그룹별 집계를 수행할 때 나타나는 연산. PostgreSQL은 `work_mem`을 사용하여 메모리 내에서 그룹화 및 집계를 시도하며, 메모리가 부족하면 임시 파일을 생성

- **실행 계획**: `EXPLAIN`에서 `Sort`와 `GroupAggregate` 노드가 함께 나타남

  ```sql
  EXPLAIN SELECT department_id, COUNT(*) FROM employees GROUP BY department_id ORDER BY department_id;
  ```

  - **실행 계획 예시**:

    ```
    GroupAggregate  (cost=12.34..25.67 rows=1000 width=8)
      ->  Sort  (cost=12.34..15.67 rows=1000 width=8)
          Sort Key: department_id
          ->  Seq Scan on employees  (cost=0.00..12.34 rows=1000 width=8)
    ```

### (4) **Sort Unique**

**MySQL**:

- **설명**: `Sort Unique`는 `DISTINCT` 절이나 중복 제거 작업에서 발생하는 연산 MySQL은 데이터를 정렬한 후 중복된 값을 제거하기 위해 이 연산을 수행

- **실행 계획**: `EXPLAIN`에서 `Using temporary; Using filesort`로 나타나며, 이는 중복 제거를 위한 정렬 작업이 수행되었음을 의미

  ```sql
  EXPLAIN SELECT DISTINCT last_name FROM employees;
  ```

  - **실행 계획 예시**:

    ```
    id | select_type | table     | type  | possible_keys | key  | key_len | ref  | rows | Extra
    ---|-------------|-----------|-------|---------------|------|---------|------|------|-----------------------------
    1  | SIMPLE      | employees | ALL   | NULL          | NULL | NULL    | NULL | 1000 | Using temporary; Using filesort
    ```

**PostgreSQL**:

- **설명**: PostgreSQL에서 `Sort Unique`는 중복된 데이터를 제거하기 위해 `DISTINCT`나 서브쿼리에서 발생합니다. 데이터베이스는 중복된 값을 제거하기 위해 데이터를 정렬

- **실행 계획**: `EXPLAIN`에서 `Unique`와 `Sort` 노드가 함께 나타나며, 이는 중복 제거를 위해 데이터가 정렬되었음을 의미

  ```sql
  EXPLAIN SELECT DISTINCT last_name FROM employees;
  ```

  - **실행 계획 예시**:

    ```
    Unique  (cost=12.34..25.67 rows=1000 width=64)
      ->  Sort  (cost=12.34..15.67 rows=1000 width=64)
          Sort Key: last_name
          ->  Seq Scan on employees  (cost=0.00..12.34 rows=1000 width=64)
    ```

### (5) **Sort Join**

**MySQL**:

- **설명**: `Sort Join`은 소트 머지 조인(Sort-Merge Join)을 수행할 때 발생하는 연산입니다. MySQL은 두 테이블의 데이터를 정렬한 후 병합하여 조인을 수행

- **실행 계획**: `EXPLAIN`에서 두 테이블이 정렬된 후 조인되는 과정이 `filesort`나 `Using temporary`로 나타냄

  ```sql
  EXPLAIN SELECT e.*, d.* FROM employees e JOIN departments d ON e.department_id = d.department_id;
  ```

  - **실행 계획 예시**:

    ```
    id | select_type | table | type  | possible_keys | key  | key_len | ref | rows | Extra
    ---|-------------|-------|-------|---------------|------|---------|-----|------|-----------------------------
    1  | SIMPLE      | d     | ALL   | PRIMARY       | NULL | NULL    | NULL| 100  | Using filesort
    1  | SIMPLE      | e     | ref   | dept_fk       | dept_fk| 4    | d.department_id | 1000 | Using where; Using filesort
    ```

**PostgreSQL**:

- **설명**: `Sort Join`은 PostgreSQL에서 소트 머지 조인(Sort-Merge Join)을 수행할 때 발생. 두 테이블을 정렬한 후 병합하여 조인하는 방식

- **실행 계획**: `EXPLAIN`에서 `Merge Join` 연산자와 함께 `Sort` 연산자가 나타남

  ```sql
  EXPLAIN SELECT e.*, d.* FROM employees e JOIN departments d ON e.department_id = d.department_id;
  ```

  - **실행 계획 예시**:

    ```
    Merge Join  (cost=25.34..50.67 rows=1000 width=128)
      Merge Cond: (e.department_id = d.department_id)
      ->  Sort  (cost=12.34..15.67 rows=1000 width=64)
          Sort Key: e.department_id
          ->  Seq Scan on employees e  (cost=0.00..12.34 rows=1000 width=64)
      ->  Sort  (cost=12.34..15.67 rows=1000 width=64)
          Sort Key: d.department_id
          ->  Seq Scan on departments d  (cost=0.00..12.34 rows=1000 width=64)
    ```

### (6) **Window Sort**

**MySQL**:

- **설명**: `Window Sort`는 윈도우 함수(예: `ROW_NUMBER`, `RANK`, `LEAD`, `LAG` 등)를 사용할 때 발생하는 연산. 윈도우 함수는 특정 기준으로 데이터를 정렬하여 순위를 매기거나 집계 작업을 수행

- **실행 계획**: `EXPLAIN`에서 윈도우 함수가 사용된 경우, `Window` 연산자가 나타날 수 있으며, 필요 시 `filesort`가 함께 나타남

  ```sql
  EXPLAIN SELECT first_name, ROW_NUMBER() OVER (ORDER BY hire_date) FROM employees;
  ```

  - **실행 계획 예시**:

    ```
    id | select_type | table     | type  | possible_keys | key  | key_len | ref  | rows | Extra
    ---|-------------|-----------|-------|---------------|------|---------|------|------|-----------------------------
    1  | SIMPLE      | employees | ALL   | NULL          | NULL | NULL    | NULL | 1000 | Using temporary; Using filesort
    ```

**PostgreSQL**:

- **설명**: `Window Sort`는 PostgreSQL에서 윈도우 함수(예: `ROW_NUMBER`, `RANK`, `LEAD`, `LAG` 등)를 사용할 때 발생하는 연산 데이터를 정렬하여 윈도우 함수 결과를 생성

- **실행 계획**: `EXPLAIN`에서 윈도우 함수가 사용된 경우, `WindowAgg`와 함께 `Sort` 연산자가 나타날 수 있으며, 이는 윈도우 함수 실행을 위해 데이터가 정렬되었음을 의미

  ```sql
  EXPLAIN SELECT first_name, ROW_NUMBER() OVER (ORDER BY hire_date) FROM employees;
  ```

  - **실행 계획 예시**:

    ```
    WindowAgg  (cost=12.34..25.67 rows=1000 width=64)
      ->  Sort  (cost=12.34..15.67 rows=1000 width=64)
          Sort Key: hire_date
          ->  Seq Scan on employees  (cost=0.00..12.34 rows=1000 width=64)
    ```

## 5.2 소트가 발생하지 않도록 SQL 작성

Union, Minus, Distinct 연산자는 중복 레코드를 제거하기 위해 소트 연산을 발생시키므로 다른 방법으로 회피하도록 노력해야 한다.

### 5.2.1 Union vs. Union All

Union은 두 집합 간 중복을 제거하려고 소트 작업을 수행한다.

반면 Union All은 중복 확인하지 않고 단순히 결합하므로 소트 작업을 생략한다. 될수있으면 Union All이 좋다.

물론 중복을 허용하지 않는다면 어쩔수없다. 다른 방식으로 해결하면 된다. 

### 5.2.2 Exists 활용

distinct 연산자는 모든 데이터를 읽고 중복을 제거해야 하기 떄문에 비효율적이여서

WHERE 절에서 Not Exists 등을 통해 미리 걸러내서 중복을 없애며 된다. 

### 5.2.3 조인 방식 변경

조인시 인덱스 사용하면 소트 연산이 생략 가능한데, 해시 조인이면 소트작업이 필요하다 .결과 집합은 조인 순서에 따라 무작위로 나올 수 있기 때문.  때문에 힌트 등을 통해 NL 조인으로 풀면 성능 효과를 얻을 수 있다.

## 5.3 인덱스를 이용한 소트 연산 생략

인덱스는 항상 키 컬럼 순으로 정렬된 상태를 유지하므로  이를 활용하면 ORder BY, Group By가 있어도 소트 연산을 생략할 수 있으며, Top N 쿼리를 결합하면 OLTP 시스템에서 빠른 응답속도를 낼 수 있다. 

### 5.3.1 Sort Order By 생략

인덱스 선두 컬럼을 「종목코드 + 거래일시」 순으로 구성하지 않으면, 아래 쿼리에서 소트 연 산을 생략할 수 없다.

```sql
SELECT 거래일시, 체결건수, 체결수량, 거래대금
FROM 종목거래
WHERE 종목코드 = 'KR123456'
ORDER BY 거래일시;
```

*  인덱스를 사용하면, `종목코드 = 'KR123456'` 조건에 맞는 데이터를 이미 정렬된 상태로 가져올 수 있으며, 추가적인 소트 연산이 필요 없기 때문. 



### 5.3.2 Top N 쿼리

Top N 쿼리는 전체 결과 집합중 상위 N개 레코드만 선택하는 쿼리. LIMIT OFFSET 같은 개념. 

```sql
SELECT 거래일시, 체결건수, 체결수량, 거래대금
FROM 종목거래
WHERE 종목코드 = 'KR123456'
AND 거래일시 >= '20180304'
ORDER BY 거래일시
LIMIT 10;
```

* 위 쿼리에 종목코드 + 거래일시 순으로 구성된 인덱스 사용시, 소트 연산 생략 및 열개 레코드를 읽는 순간 바로 멈춤. 

이를 이용해 페이징을 한다.

### 5.3.3 최소값/최대값 구하기

인덱스가 없는경우 풀스캔을 하지만, 있는 경우 맨왼쪽과 맨 오른쪽에서 효율적으로 최소 최대값을 찾는다. 

### 5.3.4 이력 조회

이력조회시 가장 효율적인것은 Limit을 이용한 Top N Stop Key 알고리즘이 작동할 수 있게 인덱스를 설계해야 한다. 

### 5.3.5 Sort Group By 생략

인덱스를 이용해 소트 연산도 생략 가능하지만 그룹핑 연산도 생략이 가능하다. 

## 5.4 Sort Area를 적게 사용하도록 SQL 작성

결국 소트연산때문에 비효율적인 쿼리가 발생한다면, 메모리 내에서 처리를 완료할 수 있도록 해야한다.

그래도 안된다면 먼저, Sort Area를 적게 사용하고, 그래도 안되면 SortArea를 키운다 



### 5.4.1 소트 데이터 줄이기

SELECT하는 컬럼을 적게 사용하는 쿼리가 Sort Area를 적게 사용한다

```sql
SELECT * FROM 예수금 원장 ORDER BY 총예수금 DESC


// 아래 쿼리가 더 적게 사용
SELECT 계좌번호, 총예수금 FROM 예수금원장 ORDER BY 총예수금 desc
```





### 5.4.2 Top N 쿼리의 소트 부하 경감 원리

**Top N 쿼리**는 데이터베이스에서 특정 조건에 맞는 데이터 중 상위 N개의 결과만을 반환하는 쿼리다.

이러한 쿼리는 보통 **정렬(Sorting)**과 **페이징**을 사용하여 필요한 결과만을 가져온다.

Top N 쿼리에서는 전체 데이터를 모두 정렬하는 대신 최소한 데이터만을 정렬하는 방식을 이용해서 부하를 줄이고 성능을 향상시킬 수 있다.



처음 읽은 열개 레코드를 오름차순으로 정렬하고, 이후 읽는 레코드에 대해서 배열 맨 끝에 있는 값과 비교해서 그보다 작은 값이 나타날때만 배열 내에서 다시 정렬하며 기존에 맨 끝에 있던 값을 버린다. 

이방식으로 처리하면 대상 집합이 아무리 커도 많은 메모리공간을 사용하지 않는다. 

예시

```
초기 10개 값 (정렬됨): [11, 14, 26, 34, 35, 42, 49, 58, 72, 99]

새로운 값: 56
업데이트된 배열: [11, 14, 26, 34, 35, 42, 49, 56, 58, 72]

새로운 값: 88
배열 변경 없음

새로운 값: 13
업데이트된 배열: [11, 13, 14, 26, 34, 35, 42, 49, 56, 58]
```

